<?xml version="1.0" encoding="UTF-8"?>
<!-- Generated by org.testng.reporters.JUnitXMLReporter -->
<testsuite ignored="1" hostname="LAPTOP-G1PV7KM6" failures="0" tests="3" name="Test" time="0.09" errors="0" timestamp="2024-04-17T01:03:51 IST">
  <testcase classname="Test.day1" name="demo" time="0.011"/>
  <testcase classname="Test.Day2" name="m3" time="0.002"/>
  <testcase classname="Test.Day2" name="m4" time="0.002"/>
  <testcase classname="Test.Day2" name="m2" time="0.0">
    <ignored/>
  </testcase> <!-- m2 -->
</testsuite> <!-- Test -->
