<?xml version="1.0" encoding="UTF-8"?>
<testng-results ignored="1" total="6" passed="5" failed="0" skipped="0">
  <reporter-output>
  </reporter-output>
  <suite started-at="2024-04-17T01:03:51 IST" name="Suite" finished-at="2024-04-17T01:03:51 IST" duration-ms="220">
    <groups>
    </groups>
    <test started-at="2024-04-17T01:03:51 IST" name="Test" finished-at="2024-04-17T01:03:51 IST" duration-ms="90">
      <class name="Test.day1">
        <test-method signature="demo()[pri:0, instance:Test.day1@c267ef4]" started-at="2024-04-17T01:03:51 IST" name="demo" finished-at="2024-04-17T01:03:51 IST" duration-ms="11" status="PASS">
          <reporter-output>
          </reporter-output>
        </test-method> <!-- demo -->
        <test-method is-config="true" signature="day3s()[pri:0, instance:Test.day1@c267ef4]" started-at="2024-04-17T01:03:51 IST" name="day3s" finished-at="2024-04-17T01:03:51 IST" duration-ms="1" status="PASS">
          <reporter-output>
          </reporter-output>
        </test-method> <!-- day3s -->
      </class> <!-- Test.day1 -->
      <class name="Test.Day2">
        <test-method is-config="true" signature="day3s()[pri:0, instance:Test.Day2@3f197a46]" started-at="2024-04-17T01:03:51 IST" name="day3s" finished-at="2024-04-17T01:03:51 IST" duration-ms="10" status="PASS">
          <reporter-output>
          </reporter-output>
        </test-method> <!-- day3s -->
        <test-method signature="m3()[pri:0, instance:Test.Day2@3f197a46]" started-at="2024-04-17T01:03:51 IST" name="m3" finished-at="2024-04-17T01:03:51 IST" duration-ms="2" status="PASS">
          <reporter-output>
          </reporter-output>
        </test-method> <!-- m3 -->
        <test-method signature="m4()[pri:0, instance:Test.Day2@3f197a46]" started-at="2024-04-17T01:03:51 IST" name="m4" finished-at="2024-04-17T01:03:51 IST" duration-ms="2" status="PASS">
          <reporter-output>
          </reporter-output>
        </test-method> <!-- m4 -->
      </class> <!-- Test.Day2 -->
    </test> <!-- Test -->
    <test started-at="2024-04-17T01:03:51 IST" name="Test2" finished-at="2024-04-17T01:03:51 IST" duration-ms="7">
      <class name="Test.Day3">
        <test-method signature="day3()[pri:0, instance:Test.Day3@14dd9eb7]" started-at="2024-04-17T01:03:51 IST" name="day3" finished-at="2024-04-17T01:03:51 IST" duration-ms="1" status="PASS">
          <reporter-output>
          </reporter-output>
        </test-method> <!-- day3 -->
        <test-method signature="day3m()[pri:0, instance:Test.Day3@14dd9eb7]" started-at="2024-04-17T01:03:51 IST" name="day3m" finished-at="2024-04-17T01:03:51 IST" duration-ms="1" status="PASS">
          <reporter-output>
          </reporter-output>
        </test-method> <!-- day3m -->
      </class> <!-- Test.Day3 -->
    </test> <!-- Test2 -->
  </suite> <!-- Suite -->
</testng-results>
